

Started GET "/" for ::1 at 2015-02-10 18:20:02 -0500
Processing by Rails::WelcomeController#index as HTML
  Rendered /Users/stephaniebarreyro/.rvm/gems/ruby-2.0.0-p594/gems/railties-4.2.0/lib/rails/templates/rails/welcome/index.html.erb (2.6ms)
Completed 200 OK in 22ms (Views: 12.8ms | ActiveRecord: 0.0ms)


Started GET "/" for ::1 at 2015-02-16 06:08:11 -0500
Processing by Rails::WelcomeController#index as HTML
  Rendered /Users/stephaniebarreyro/.rvm/gems/ruby-2.0.0-p594/gems/railties-4.2.0/lib/rails/templates/rails/welcome/index.html.erb (2.2ms)
Completed 200 OK in 24ms (Views: 14.3ms | ActiveRecord: 0.0ms)


Started GET "/" for ::1 at 2015-02-16 06:08:34 -0500
Processing by Rails::WelcomeController#index as HTML
  Rendered /Users/stephaniebarreyro/.rvm/gems/ruby-2.0.0-p594/gems/railties-4.2.0/lib/rails/templates/rails/welcome/index.html.erb (0.1ms)
Completed 200 OK in 2ms (Views: 1.6ms | ActiveRecord: 0.0ms)


Started GET "/" for ::1 at 2015-02-16 06:08:36 -0500
Processing by Rails::WelcomeController#index as HTML
  Rendered /Users/stephaniebarreyro/.rvm/gems/ruby-2.0.0-p594/gems/railties-4.2.0/lib/rails/templates/rails/welcome/index.html.erb (0.0ms)
Completed 200 OK in 1ms (Views: 0.8ms | ActiveRecord: 0.0ms)


Started GET "/" for ::1 at 2015-02-16 06:08:37 -0500
Processing by Rails::WelcomeController#index as HTML
  Rendered /Users/stephaniebarreyro/.rvm/gems/ruby-2.0.0-p594/gems/railties-4.2.0/lib/rails/templates/rails/welcome/index.html.erb (0.1ms)
Completed 200 OK in 2ms (Views: 1.2ms | ActiveRecord: 0.0ms)


Started GET "/" for ::1 at 2015-02-16 06:10:39 -0500
Processing by Rails::WelcomeController#index as HTML
  Rendered /Users/stephaniebarreyro/.rvm/gems/ruby-2.0.0-p594/gems/railties-4.2.0/lib/rails/templates/rails/welcome/index.html.erb (0.1ms)
Completed 200 OK in 2ms (Views: 1.3ms | ActiveRecord: 0.0ms)


Started GET "/" for ::1 at 2015-02-16 06:10:42 -0500
Processing by Rails::WelcomeController#index as HTML
  Rendered /Users/stephaniebarreyro/.rvm/gems/ruby-2.0.0-p594/gems/railties-4.2.0/lib/rails/templates/rails/welcome/index.html.erb (0.1ms)
Completed 200 OK in 2ms (Views: 1.4ms | ActiveRecord: 0.0ms)


Started GET "/" for ::1 at 2015-02-16 06:11:03 -0500
Processing by Rails::WelcomeController#index as HTML
  Rendered /Users/stephaniebarreyro/.rvm/gems/ruby-2.0.0-p594/gems/railties-4.2.0/lib/rails/templates/rails/welcome/index.html.erb (0.0ms)
Completed 200 OK in 1ms (Views: 1.1ms | ActiveRecord: 0.0ms)


Started GET "/" for ::1 at 2015-02-16 06:11:04 -0500
Processing by Rails::WelcomeController#index as HTML
  Rendered /Users/stephaniebarreyro/.rvm/gems/ruby-2.0.0-p594/gems/railties-4.2.0/lib/rails/templates/rails/welcome/index.html.erb (0.1ms)
Completed 200 OK in 2ms (Views: 1.2ms | ActiveRecord: 0.0ms)


Started GET "/" for ::1 at 2015-02-16 06:11:04 -0500
Processing by Rails::WelcomeController#index as HTML
  Rendered /Users/stephaniebarreyro/.rvm/gems/ruby-2.0.0-p594/gems/railties-4.2.0/lib/rails/templates/rails/welcome/index.html.erb (0.1ms)
Completed 200 OK in 2ms (Views: 1.3ms | ActiveRecord: 0.0ms)


Started GET "/" for ::1 at 2015-02-16 06:11:04 -0500
Processing by Rails::WelcomeController#index as HTML
  Rendered /Users/stephaniebarreyro/.rvm/gems/ruby-2.0.0-p594/gems/railties-4.2.0/lib/rails/templates/rails/welcome/index.html.erb (0.1ms)
Completed 200 OK in 1ms (Views: 1.1ms | ActiveRecord: 0.0ms)


Started GET "/" for ::1 at 2015-02-16 06:11:04 -0500
Processing by Rails::WelcomeController#index as HTML
  Rendered /Users/stephaniebarreyro/.rvm/gems/ruby-2.0.0-p594/gems/railties-4.2.0/lib/rails/templates/rails/welcome/index.html.erb (0.1ms)
Completed 200 OK in 1ms (Views: 1.1ms | ActiveRecord: 0.0ms)


Started GET "/" for ::1 at 2015-02-16 06:12:02 -0500

ActionController::RoutingError (uninitialized constant WelcomeController):
  activesupport (4.2.0) lib/active_support/inflector/methods.rb:261:in `const_get'
  activesupport (4.2.0) lib/active_support/inflector/methods.rb:261:in `block in constantize'
  activesupport (4.2.0) lib/active_support/inflector/methods.rb:259:in `each'
  activesupport (4.2.0) lib/active_support/inflector/methods.rb:259:in `inject'
  activesupport (4.2.0) lib/active_support/inflector/methods.rb:259:in `constantize'
  actionpack (4.2.0) lib/action_dispatch/routing/route_set.rb:69:in `controller_reference'
  actionpack (4.2.0) lib/action_dispatch/routing/route_set.rb:59:in `controller'
  actionpack (4.2.0) lib/action_dispatch/routing/route_set.rb:38:in `serve'
  actionpack (4.2.0) lib/action_dispatch/journey/router.rb:43:in `block in serve'
  actionpack (4.2.0) lib/action_dispatch/journey/router.rb:30:in `each'
  actionpack (4.2.0) lib/action_dispatch/journey/router.rb:30:in `serve'
  actionpack (4.2.0) lib/action_dispatch/routing/route_set.rb:802:in `call'
  rack (1.6.0) lib/rack/etag.rb:24:in `call'
  rack (1.6.0) lib/rack/conditionalget.rb:25:in `call'
  rack (1.6.0) lib/rack/head.rb:13:in `call'
  actionpack (4.2.0) lib/action_dispatch/middleware/params_parser.rb:27:in `call'
  actionpack (4.2.0) lib/action_dispatch/middleware/flash.rb:260:in `call'
  rack (1.6.0) lib/rack/session/abstract/id.rb:225:in `context'
  rack (1.6.0) lib/rack/session/abstract/id.rb:220:in `call'
  actionpack (4.2.0) lib/action_dispatch/middleware/cookies.rb:560:in `call'
  activerecord (4.2.0) lib/active_record/query_cache.rb:36:in `call'
  activerecord (4.2.0) lib/active_record/connection_adapters/abstract/connection_pool.rb:647:in `call'
  activerecord (4.2.0) lib/active_record/migration.rb:378:in `call'
  actionpack (4.2.0) lib/action_dispatch/middleware/callbacks.rb:29:in `block in call'
  activesupport (4.2.0) lib/active_support/callbacks.rb:88:in `call'
  activesupport (4.2.0) lib/active_support/callbacks.rb:88:in `_run_callbacks'
  activesupport (4.2.0) lib/active_support/callbacks.rb:734:in `_run_call_callbacks'
  activesupport (4.2.0) lib/active_support/callbacks.rb:81:in `run_callbacks'
  actionpack (4.2.0) lib/action_dispatch/middleware/callbacks.rb:27:in `call'
  actionpack (4.2.0) lib/action_dispatch/middleware/reloader.rb:73:in `call'
  actionpack (4.2.0) lib/action_dispatch/middleware/remote_ip.rb:78:in `call'
  web-console (2.0.0) lib/action_dispatch/debug_exceptions.rb:18:in `middleware_call'
  web-console (2.0.0) lib/action_dispatch/debug_exceptions.rb:13:in `call'
  actionpack (4.2.0) lib/action_dispatch/middleware/show_exceptions.rb:30:in `call'
  railties (4.2.0) lib/rails/rack/logger.rb:38:in `call_app'
  railties (4.2.0) lib/rails/rack/logger.rb:20:in `block in call'
  activesupport (4.2.0) lib/active_support/tagged_logging.rb:68:in `block in tagged'
  activesupport (4.2.0) lib/active_support/tagged_logging.rb:26:in `tagged'
  activesupport (4.2.0) lib/active_support/tagged_logging.rb:68:in `tagged'
  railties (4.2.0) lib/rails/rack/logger.rb:20:in `call'
  actionpack (4.2.0) lib/action_dispatch/middleware/request_id.rb:21:in `call'
  rack (1.6.0) lib/rack/methodoverride.rb:22:in `call'
  rack (1.6.0) lib/rack/runtime.rb:18:in `call'
  activesupport (4.2.0) lib/active_support/cache/strategy/local_cache_middleware.rb:28:in `call'
  rack (1.6.0) lib/rack/lock.rb:17:in `call'
  actionpack (4.2.0) lib/action_dispatch/middleware/static.rb:113:in `call'
  rack (1.6.0) lib/rack/sendfile.rb:113:in `call'
  railties (4.2.0) lib/rails/engine.rb:518:in `call'
  railties (4.2.0) lib/rails/application.rb:164:in `call'
  rack (1.6.0) lib/rack/lock.rb:17:in `call'
  rack (1.6.0) lib/rack/content_length.rb:15:in `call'
  rack (1.6.0) lib/rack/handler/webrick.rb:89:in `service'
  /Users/stephaniebarreyro/.rvm/rubies/ruby-2.0.0-p594/lib/ruby/2.0.0/webrick/httpserver.rb:138:in `service'
  /Users/stephaniebarreyro/.rvm/rubies/ruby-2.0.0-p594/lib/ruby/2.0.0/webrick/httpserver.rb:94:in `run'
  /Users/stephaniebarreyro/.rvm/rubies/ruby-2.0.0-p594/lib/ruby/2.0.0/webrick/server.rb:295:in `block in start_thread'


  Rendered /Users/stephaniebarreyro/.rvm/gems/ruby-2.0.0-p594/gems/web-console-2.0.0/lib/action_dispatch/templates/rescues/_trace.html.erb (2.5ms)
  Rendered /Users/stephaniebarreyro/.rvm/gems/ruby-2.0.0-p594/gems/web-console-2.0.0/lib/action_dispatch/templates/routes/_route.html.erb (1.2ms)
  Rendered /Users/stephaniebarreyro/.rvm/gems/ruby-2.0.0-p594/gems/web-console-2.0.0/lib/action_dispatch/templates/routes/_table.html.erb (71.5ms)
  Rendered /Users/stephaniebarreyro/.rvm/gems/ruby-2.0.0-p594/gems/web-console-2.0.0/lib/action_dispatch/templates/rescues/_request_and_response.html.erb (1.9ms)
  Rendered /Users/stephaniebarreyro/.rvm/gems/ruby-2.0.0-p594/gems/web-console-2.0.0/lib/action_dispatch/templates/rescues/_web_console.html.erb (1.3ms)
  Rendered /Users/stephaniebarreyro/.rvm/gems/ruby-2.0.0-p594/gems/web-console-2.0.0/lib/action_dispatch/templates/rescues/routing_error.html.erb within rescues/layout (118.7ms)


Started GET "/" for ::1 at 2015-02-16 06:12:26 -0500
DEPRECATION WARNING: Defining a route where `to` is a controller without an action is deprecated. Please change `to: :index` to `controller: :index`. (called from block in <top (required)> at /Users/stephaniebarreyro/Desktop/steph.rocks/config/routes.rb:2)

ArgumentError (Missing :action key on routes definition, please check your routes.):
  config/routes.rb:2:in `block in <top (required)>'
  config/routes.rb:1:in `<top (required)>'


  Rendered /Users/stephaniebarreyro/.rvm/gems/ruby-2.0.0-p594/gems/web-console-2.0.0/lib/action_dispatch/templates/rescues/_source.erb (4.3ms)
  Rendered /Users/stephaniebarreyro/.rvm/gems/ruby-2.0.0-p594/gems/web-console-2.0.0/lib/action_dispatch/templates/rescues/_trace.html.erb (1.9ms)
  Rendered /Users/stephaniebarreyro/.rvm/gems/ruby-2.0.0-p594/gems/web-console-2.0.0/lib/action_dispatch/templates/rescues/_request_and_response.html.erb (0.9ms)
  Rendered /Users/stephaniebarreyro/.rvm/gems/ruby-2.0.0-p594/gems/web-console-2.0.0/lib/action_dispatch/templates/rescues/_web_console.html.erb (0.8ms)
  Rendered /Users/stephaniebarreyro/.rvm/gems/ruby-2.0.0-p594/gems/web-console-2.0.0/lib/action_dispatch/templates/rescues/diagnostics.html.erb within rescues/layout (27.6ms)


Started GET "/" for ::1 at 2015-02-16 06:12:30 -0500

ActionController::RoutingError (No route matches [GET] "/"):
  web-console (2.0.0) lib/action_dispatch/debug_exceptions.rb:22:in `middleware_call'
  web-console (2.0.0) lib/action_dispatch/debug_exceptions.rb:13:in `call'
  actionpack (4.2.0) lib/action_dispatch/middleware/show_exceptions.rb:30:in `call'
  railties (4.2.0) lib/rails/rack/logger.rb:38:in `call_app'
  railties (4.2.0) lib/rails/rack/logger.rb:20:in `block in call'
  activesupport (4.2.0) lib/active_support/tagged_logging.rb:68:in `block in tagged'
  activesupport (4.2.0) lib/active_support/tagged_logging.rb:26:in `tagged'
  activesupport (4.2.0) lib/active_support/tagged_logging.rb:68:in `tagged'
  railties (4.2.0) lib/rails/rack/logger.rb:20:in `call'
  actionpack (4.2.0) lib/action_dispatch/middleware/request_id.rb:21:in `call'
  rack (1.6.0) lib/rack/methodoverride.rb:22:in `call'
  rack (1.6.0) lib/rack/runtime.rb:18:in `call'
  activesupport (4.2.0) lib/active_support/cache/strategy/local_cache_middleware.rb:28:in `call'
  rack (1.6.0) lib/rack/lock.rb:17:in `call'
  actionpack (4.2.0) lib/action_dispatch/middleware/static.rb:113:in `call'
  rack (1.6.0) lib/rack/sendfile.rb:113:in `call'
  railties (4.2.0) lib/rails/engine.rb:518:in `call'
  railties (4.2.0) lib/rails/application.rb:164:in `call'
  rack (1.6.0) lib/rack/lock.rb:17:in `call'
  rack (1.6.0) lib/rack/content_length.rb:15:in `call'
  rack (1.6.0) lib/rack/handler/webrick.rb:89:in `service'
  /Users/stephaniebarreyro/.rvm/rubies/ruby-2.0.0-p594/lib/ruby/2.0.0/webrick/httpserver.rb:138:in `service'
  /Users/stephaniebarreyro/.rvm/rubies/ruby-2.0.0-p594/lib/ruby/2.0.0/webrick/httpserver.rb:94:in `run'
  /Users/stephaniebarreyro/.rvm/rubies/ruby-2.0.0-p594/lib/ruby/2.0.0/webrick/server.rb:295:in `block in start_thread'


  Rendered /Users/stephaniebarreyro/.rvm/gems/ruby-2.0.0-p594/gems/web-console-2.0.0/lib/action_dispatch/templates/rescues/_trace.html.erb (2.6ms)
  Rendered /Users/stephaniebarreyro/.rvm/gems/ruby-2.0.0-p594/gems/web-console-2.0.0/lib/action_dispatch/templates/routes/_table.html.erb (1.2ms)
  Rendered /Users/stephaniebarreyro/.rvm/gems/ruby-2.0.0-p594/gems/web-console-2.0.0/lib/action_dispatch/templates/rescues/_request_and_response.html.erb (1.1ms)
  Rendered /Users/stephaniebarreyro/.rvm/gems/ruby-2.0.0-p594/gems/web-console-2.0.0/lib/action_dispatch/templates/rescues/_web_console.html.erb (1.0ms)
  Rendered /Users/stephaniebarreyro/.rvm/gems/ruby-2.0.0-p594/gems/web-console-2.0.0/lib/action_dispatch/templates/rescues/routing_error.html.erb within rescues/layout (26.8ms)


Started GET "/" for ::1 at 2015-02-16 06:12:39 -0500

ActionController::RoutingError (uninitialized constant LayoutsController):
  activesupport (4.2.0) lib/active_support/inflector/methods.rb:261:in `const_get'
  activesupport (4.2.0) lib/active_support/inflector/methods.rb:261:in `block in constantize'
  activesupport (4.2.0) lib/active_support/inflector/methods.rb:259:in `each'
  activesupport (4.2.0) lib/active_support/inflector/methods.rb:259:in `inject'
  activesupport (4.2.0) lib/active_support/inflector/methods.rb:259:in `constantize'
  actionpack (4.2.0) lib/action_dispatch/routing/route_set.rb:69:in `controller_reference'
  actionpack (4.2.0) lib/action_dispatch/routing/route_set.rb:59:in `controller'
  actionpack (4.2.0) lib/action_dispatch/routing/route_set.rb:38:in `serve'
  actionpack (4.2.0) lib/action_dispatch/journey/router.rb:43:in `block in serve'
  actionpack (4.2.0) lib/action_dispatch/journey/router.rb:30:in `each'
  actionpack (4.2.0) lib/action_dispatch/journey/router.rb:30:in `serve'
  actionpack (4.2.0) lib/action_dispatch/routing/route_set.rb:802:in `call'
  rack (1.6.0) lib/rack/etag.rb:24:in `call'
  rack (1.6.0) lib/rack/conditionalget.rb:25:in `call'
  rack (1.6.0) lib/rack/head.rb:13:in `call'
  actionpack (4.2.0) lib/action_dispatch/middleware/params_parser.rb:27:in `call'
  actionpack (4.2.0) lib/action_dispatch/middleware/flash.rb:260:in `call'
  rack (1.6.0) lib/rack/session/abstract/id.rb:225:in `context'
  rack (1.6.0) lib/rack/session/abstract/id.rb:220:in `call'
  actionpack (4.2.0) lib/action_dispatch/middleware/cookies.rb:560:in `call'
  activerecord (4.2.0) lib/active_record/query_cache.rb:36:in `call'
  activerecord (4.2.0) lib/active_record/connection_adapters/abstract/connection_pool.rb:647:in `call'
  activerecord (4.2.0) lib/active_record/migration.rb:378:in `call'
  actionpack (4.2.0) lib/action_dispatch/middleware/callbacks.rb:29:in `block in call'
  activesupport (4.2.0) lib/active_support/callbacks.rb:88:in `call'
  activesupport (4.2.0) lib/active_support/callbacks.rb:88:in `_run_callbacks'
  activesupport (4.2.0) lib/active_support/callbacks.rb:734:in `_run_call_callbacks'
  activesupport (4.2.0) lib/active_support/callbacks.rb:81:in `run_callbacks'
  actionpack (4.2.0) lib/action_dispatch/middleware/callbacks.rb:27:in `call'
  actionpack (4.2.0) lib/action_dispatch/middleware/reloader.rb:73:in `call'
  actionpack (4.2.0) lib/action_dispatch/middleware/remote_ip.rb:78:in `call'
  web-console (2.0.0) lib/action_dispatch/debug_exceptions.rb:18:in `middleware_call'
  web-console (2.0.0) lib/action_dispatch/debug_exceptions.rb:13:in `call'
  actionpack (4.2.0) lib/action_dispatch/middleware/show_exceptions.rb:30:in `call'
  railties (4.2.0) lib/rails/rack/logger.rb:38:in `call_app'
  railties (4.2.0) lib/rails/rack/logger.rb:20:in `block in call'
  activesupport (4.2.0) lib/active_support/tagged_logging.rb:68:in `block in tagged'
  activesupport (4.2.0) lib/active_support/tagged_logging.rb:26:in `tagged'
  activesupport (4.2.0) lib/active_support/tagged_logging.rb:68:in `tagged'
  railties (4.2.0) lib/rails/rack/logger.rb:20:in `call'
  actionpack (4.2.0) lib/action_dispatch/middleware/request_id.rb:21:in `call'
  rack (1.6.0) lib/rack/methodoverride.rb:22:in `call'
  rack (1.6.0) lib/rack/runtime.rb:18:in `call'
  activesupport (4.2.0) lib/active_support/cache/strategy/local_cache_middleware.rb:28:in `call'
  rack (1.6.0) lib/rack/lock.rb:17:in `call'
  actionpack (4.2.0) lib/action_dispatch/middleware/static.rb:113:in `call'
  rack (1.6.0) lib/rack/sendfile.rb:113:in `call'
  railties (4.2.0) lib/rails/engine.rb:518:in `call'
  railties (4.2.0) lib/rails/application.rb:164:in `call'
  rack (1.6.0) lib/rack/lock.rb:17:in `call'
  rack (1.6.0) lib/rack/content_length.rb:15:in `call'
  rack (1.6.0) lib/rack/handler/webrick.rb:89:in `service'
  /Users/stephaniebarreyro/.rvm/rubies/ruby-2.0.0-p594/lib/ruby/2.0.0/webrick/httpserver.rb:138:in `service'
  /Users/stephaniebarreyro/.rvm/rubies/ruby-2.0.0-p594/lib/ruby/2.0.0/webrick/httpserver.rb:94:in `run'
  /Users/stephaniebarreyro/.rvm/rubies/ruby-2.0.0-p594/lib/ruby/2.0.0/webrick/server.rb:295:in `block in start_thread'


  Rendered /Users/stephaniebarreyro/.rvm/gems/ruby-2.0.0-p594/gems/web-console-2.0.0/lib/action_dispatch/templates/rescues/_trace.html.erb (1.6ms)
  Rendered /Users/stephaniebarreyro/.rvm/gems/ruby-2.0.0-p594/gems/web-console-2.0.0/lib/action_dispatch/templates/routes/_route.html.erb (0.6ms)
  Rendered /Users/stephaniebarreyro/.rvm/gems/ruby-2.0.0-p594/gems/web-console-2.0.0/lib/action_dispatch/templates/routes/_table.html.erb (1.2ms)
  Rendered /Users/stephaniebarreyro/.rvm/gems/ruby-2.0.0-p594/gems/web-console-2.0.0/lib/action_dispatch/templates/rescues/_request_and_response.html.erb (1.6ms)
  Rendered /Users/stephaniebarreyro/.rvm/gems/ruby-2.0.0-p594/gems/web-console-2.0.0/lib/action_dispatch/templates/rescues/_web_console.html.erb (1.0ms)
  Rendered /Users/stephaniebarreyro/.rvm/gems/ruby-2.0.0-p594/gems/web-console-2.0.0/lib/action_dispatch/templates/rescues/routing_error.html.erb within rescues/layout (26.9ms)


Started GET "/" for ::1 at 2015-02-16 06:22:16 -0500
Processing by Rails::WelcomeController#index as HTML
  Rendered /Users/stephaniebarreyro/.rvm/gems/ruby-2.0.0-p594/gems/railties-4.2.0/lib/rails/templates/rails/welcome/index.html.erb (0.1ms)
Completed 200 OK in 3ms (Views: 2.1ms | ActiveRecord: 0.0ms)


Started GET "/" for ::1 at 2015-02-16 06:43:48 -0500
Processing by Rails::WelcomeController#index as HTML
  Rendered /Users/stephaniebarreyro/.rvm/gems/ruby-2.0.0-p594/gems/railties-4.2.0/lib/rails/templates/rails/welcome/index.html.erb (3.5ms)
Completed 200 OK in 37ms (Views: 20.2ms | ActiveRecord: 0.0ms)
